Express running on port 8816
{ contentId: '913650068' }
error: Forever detected script was killed by signal: SIGKILL
Express running on port 8816
{ contentId: '913650068' }
{ contentId: '913650068' }
{ contentId: '91365022068' }
{ contentId: '\'908355596' }
{ contentId: '908355596' }
error: Forever detected script was killed by signal: SIGKILL
Express running on port 8816
{ contentId: '908355596' }
error: Forever detected script was killed by signal: SIGKILL
Express running on port 8000
{ contentId: '908355596' }
{ contentId: '908355596' }
error: Forever detected script was killed by signal: SIGKILL
Express running on port 8000
{ contentId: '908355596' }
{ contentId: '908355596' }
{}
error: Forever detected script was killed by signal: SIGKILL
Express running on port 8000
{ contentId: '904017653' }
{ contentId: '904017653' }
{ contentId: '904017653' }
{ contentId: '904017653' }
{}
{ contentId: '904017653' }
{ contentId: '904017653' }
{ contentId: '904017653' }
{ contentId: '904017653' }
{ contentId: '904017653' }
{ contentId: '904017653' }
{ contentId: '904017653' }
{ contentId: '904017653' }
error: Forever detected script was killed by signal: SIGKILL
Express running on port 8000
